1.403341442346572876e-01
2.321210503578186035e-01
3.089361786842346191e-01
3.824871182441711426e-01
4.481857419013977051e-01
5.032845735549926758e-01
5.541876554489135742e-01
6.014534831047058105e-01
6.404620409011840820e-01
6.774376630783081055e-01
7.134196758270263672e-01
7.467849254608154297e-01
7.758925557136535645e-01
8.021048307418823242e-01
8.246738910675048828e-01
8.433052897453308105e-01
8.592640757560729980e-01
8.743550181388854980e-01
8.881208896636962891e-01
9.004678130149841309e-01
9.100478887557983398e-01
9.174608588218688965e-01
9.242541193962097168e-01
9.306812882423400879e-01
9.362226128578186035e-01
9.410494565963745117e-01
9.453406929969787598e-01
9.492376446723937988e-01
9.526870250701904297e-01
9.560346007347106934e-01
9.589998722076416016e-01
9.616363644599914551e-01
9.641674757003784180e-01
9.665431380271911621e-01
9.686936140060424805e-01
9.707613587379455566e-01
9.727504849433898926e-01
9.745364189147949219e-01
9.761931300163269043e-01
9.777919650077819824e-01
9.792536497116088867e-01
9.806451201438903809e-01
9.819656014442443848e-01
9.832565784454345703e-01
9.844699501991271973e-01
9.856042861938476562e-01
9.867289066314697266e-01
9.878119826316833496e-01
9.888442158699035645e-01
9.898425936698913574e-01
9.907970428466796875e-01
9.916702508926391602e-01
9.925343394279479980e-01
9.933813810348510742e-01
9.941911101341247559e-01
9.949594736099243164e-01
9.957079291343688965e-01
9.964197874069213867e-01
9.970894455909729004e-01
9.977130293846130371e-01
9.983186125755310059e-01
9.989044070243835449e-01
9.994659423828125000e-01
1.000000000000000000e+00
