2.359423935413360596e-01
3.554710149765014648e-01
4.557717442512512207e-01
5.471364855766296387e-01
6.168067455291748047e-01
6.784443855285644531e-01
7.260642051696777344e-01
7.681022286415100098e-01
8.037597537040710449e-01
8.350574970245361328e-01
8.556386828422546387e-01
8.749587535858154297e-01
8.916328549385070801e-01
9.070249199867248535e-01
9.207685589790344238e-01
9.321061372756958008e-01
9.415381550788879395e-01
9.497671127319335938e-01
9.575757384300231934e-01
9.635670185089111328e-01
9.688692092895507812e-01
9.735361337661743164e-01
9.779552221298217773e-01
9.814234972000122070e-01
9.845944643020629883e-01
9.871860742568969727e-01
9.896266460418701172e-01
9.918936491012573242e-01
9.941275715827941895e-01
9.962663650512695312e-01
9.983345866203308105e-01
1.000000000000000000e+00
