2.112163007259368896e-01
3.100805878639221191e-01
3.970845341682434082e-01
4.790126681327819824e-01
5.512298941612243652e-01
6.128905415534973145e-01
6.684977412223815918e-01
7.187327146530151367e-01
7.544730305671691895e-01
7.886959314346313477e-01
8.200903534889221191e-01
8.474997878074645996e-01
8.694321513175964355e-01
8.885314464569091797e-01
9.043251276016235352e-01
9.187410473823547363e-01
9.306533336639404297e-01
9.416198134422302246e-01
9.509865045547485352e-01
9.594612121582031250e-01
9.663909673690795898e-01
9.716119766235351562e-01
9.766174554824829102e-01
9.814810752868652344e-01
9.849491119384765625e-01
9.877446889877319336e-01
9.904999136924743652e-01
9.929726123809814453e-01
9.951570630073547363e-01
9.971001744270324707e-01
9.987174272537231445e-01
1.000000000000000000e+00
