2.064102888107299805e-01
3.400999903678894043e-01
4.211369752883911133e-01
4.896082580089569092e-01
5.529496669769287109e-01
6.097213029861450195e-01
6.529958844184875488e-01
6.927433013916015625e-01
7.284242510795593262e-01
7.579516172409057617e-01
7.829217314720153809e-01
8.061944246292114258e-01
8.268529176712036133e-01
8.447993397712707520e-01
8.581380844116210938e-01
8.707581758499145508e-01
8.813018798828125000e-01
8.912972807884216309e-01
9.000939726829528809e-01
9.083527922630310059e-01
9.154016971588134766e-01
9.217897653579711914e-01
9.276956915855407715e-01
9.323791861534118652e-01
9.369087815284729004e-01
9.412339925765991211e-01
9.452541470527648926e-01
9.489064216613769531e-01
9.523677825927734375e-01
9.556770920753479004e-01
9.583546519279479980e-01
9.609968662261962891e-01
9.634810090065002441e-01
9.656527638435363770e-01
9.677333831787109375e-01
9.696467518806457520e-01
9.714381098747253418e-01
9.732049703598022461e-01
9.748908281326293945e-01
9.764387607574462891e-01
9.779601693153381348e-01
9.794765710830688477e-01
9.808338284492492676e-01
9.821688532829284668e-01
9.834643602371215820e-01
9.847412109375000000e-01
9.859126210212707520e-01
9.870541691780090332e-01
9.881663322448730469e-01
9.892156124114990234e-01
9.901958703994750977e-01
9.911563992500305176e-01
9.920989871025085449e-01
9.930108189582824707e-01
9.938766956329345703e-01
9.946740865707397461e-01
9.954568147659301758e-01
9.961897730827331543e-01
9.968957304954528809e-01
9.975620508193969727e-01
9.982112646102905273e-01
9.988428354263305664e-01
9.994345903396606445e-01
1.000000000000000000e+00
