2.273052781820297241e-01
3.557310402393341064e-01
4.613371193408966064e-01
5.565539598464965820e-01
6.366939544677734375e-01
7.054191827774047852e-01
7.659759521484375000e-01
8.177391290664672852e-01
8.490954041481018066e-01
8.722946047782897949e-01
8.915838599205017090e-01
9.103179574012756348e-01
9.218816757202148438e-01
9.330635070800781250e-01
9.439100027084350586e-01
9.518752098083496094e-01
9.593226313591003418e-01
9.650267362594604492e-01
9.703400135040283203e-01
9.742204546928405762e-01
9.777800440788269043e-01
9.810251593589782715e-01
9.837973117828369141e-01
9.862518906593322754e-01
9.885804653167724609e-01
9.906675219535827637e-01
9.927324056625366211e-01
9.945806860923767090e-01
9.961812496185302734e-01
9.976218938827514648e-01
9.989822506904602051e-01
9.999999403953552246e-01
