1.492117345333099365e-01
2.462199926376342773e-01
3.321166634559631348e-01
4.056230783462524414e-01
4.722241759300231934e-01
5.321689248085021973e-01
5.813337564468383789e-01
6.245969533920288086e-01
6.650159358978271484e-01
6.994906067848205566e-01
7.324953079223632812e-01
7.605894207954406738e-01
7.856679558753967285e-01
8.077071309089660645e-01
8.282245993614196777e-01
8.455526232719421387e-01
8.602613806724548340e-01
8.724077343940734863e-01
8.831774592399597168e-01
8.926343321800231934e-01
9.012866020202636719e-01
9.093452095985412598e-01
9.167796373367309570e-01
9.230242967605590820e-01
9.286443591117858887e-01
9.336614012718200684e-01
9.383416175842285156e-01
9.426627755165100098e-01
9.467529058456420898e-01
9.504835009574890137e-01
9.538635015487670898e-01
9.570525884628295898e-01
9.598914384841918945e-01
9.625837802886962891e-01
9.648934006690979004e-01
9.671089053153991699e-01
9.691862463951110840e-01
9.712275266647338867e-01
9.731003642082214355e-01
9.748299121856689453e-01
9.764412045478820801e-01
9.780124425888061523e-01
9.795486927032470703e-01
9.810454845428466797e-01
9.825065135955810547e-01
9.838595390319824219e-01
9.850984811782836914e-01
9.862948656082153320e-01
9.874262213706970215e-01
9.885314106941223145e-01
9.896251559257507324e-01
9.906623959541320801e-01
9.916355013847351074e-01
9.925862550735473633e-01
9.934857487678527832e-01
9.943538904190063477e-01
9.951933622360229492e-01
9.959874153137207031e-01
9.967429041862487793e-01
9.974657297134399414e-01
9.981477856636047363e-01
9.987850189208984375e-01
9.994009137153625488e-01
1.000000357627868652e+00
