2.298457473516464233e-01
3.544525206089019775e-01
4.568088054656982422e-01
5.479899048805236816e-01
6.277268528938293457e-01
6.851972341537475586e-01
7.401276826858520508e-01
7.838730812072753906e-01
8.182748556137084961e-01
8.480600118637084961e-01
8.735410571098327637e-01
8.917195796966552734e-01
9.069660902023315430e-01
9.219248890876770020e-01
9.328870177268981934e-01
9.430928826332092285e-01
9.518325328826904297e-01
9.601598381996154785e-01
9.660547375679016113e-01
9.712215662002563477e-01
9.754379391670227051e-01
9.793091416358947754e-01
9.823778867721557617e-01
9.852728247642517090e-01
9.879021644592285156e-01
9.902989268302917480e-01
9.925119876861572266e-01
9.945110082626342773e-01
9.962707757949829102e-01
9.977718591690063477e-01
9.991875886917114258e-01
1.000000000000000000e+00
