1.545312553644180298e-01
2.397718727588653564e-01
3.201974928379058838e-01
3.870181143283843994e-01
4.485263228416442871e-01
5.085348486900329590e-01
5.580197572708129883e-01
5.982426404953002930e-01
6.368331313133239746e-01
6.688907146453857422e-01
7.000127434730529785e-01
7.269889712333679199e-01
7.521222233772277832e-01
7.756784558296203613e-01
7.979829311370849609e-01
8.188923597335815430e-01
8.365195989608764648e-01
8.516398072242736816e-01
8.649454712867736816e-01
8.763546943664550781e-01
8.873963356018066406e-01
8.977305889129638672e-01
9.068345427513122559e-01
9.142170548439025879e-01
9.206711649894714355e-01
9.265099763870239258e-01
9.317177534103393555e-01
9.365784525871276855e-01
9.411436915397644043e-01
9.453795552253723145e-01
9.490988254547119141e-01
9.523909687995910645e-01
9.556441903114318848e-01
9.587536454200744629e-01
9.615413546562194824e-01
9.642124772071838379e-01
9.666531682014465332e-01
9.688294529914855957e-01
9.708532094955444336e-01
9.727793335914611816e-01
9.745932221412658691e-01
9.763817787170410156e-01
9.781075119972229004e-01
9.797508120536804199e-01
9.813168644905090332e-01
9.827224612236022949e-01
9.841186404228210449e-01
9.854691624641418457e-01
9.867110848426818848e-01
9.879208803176879883e-01
9.890736341476440430e-01
9.901804327964782715e-01
9.912542700767517090e-01
9.922630786895751953e-01
9.932348728179931641e-01
9.941534996032714844e-01
9.950064420700073242e-01
9.958310723304748535e-01
9.965957999229431152e-01
9.973307847976684570e-01
9.980531930923461914e-01
9.987263083457946777e-01
9.993754625320434570e-01
9.999999403953552246e-01
