2.877798676490783691e-01
4.288542270660400391e-01
5.309345126152038574e-01
6.227985024452209473e-01
6.883810758590698242e-01
7.533245086669921875e-01
8.031005859375000000e-01
8.438981175422668457e-01
8.777865171432495117e-01
9.053490161895751953e-01
9.286279678344726562e-01
9.461928009986877441e-01
9.563715457916259766e-01
9.642862677574157715e-01
9.689537286758422852e-01
9.730283021926879883e-01
9.761470556259155273e-01
9.790810346603393555e-01
9.817543029785156250e-01
9.840027689933776855e-01
9.862235784530639648e-01
9.881691336631774902e-01
9.899037480354309082e-01
9.915186762809753418e-01
9.929819703102111816e-01
9.943357706069946289e-01
9.955734014511108398e-01
9.966995716094970703e-01
9.976303577423095703e-01
9.985486268997192383e-01
9.993606805801391602e-01
1.000000119209289551e+00
