1.910334378480911255e-01
3.314420878887176514e-01
4.561001062393188477e-01
5.657905340194702148e-01
6.561459302902221680e-01
7.319604158401489258e-01
7.956905364990234375e-01
8.499689698219299316e-01
8.833248615264892578e-01
9.146699309349060059e-01
9.287008047103881836e-01
9.384977221488952637e-01
9.477996230125427246e-01
9.555047750473022461e-01
9.616561532020568848e-01
9.668478369712829590e-01
9.712581634521484375e-01
9.748860597610473633e-01
9.782769680023193359e-01
9.812256693840026855e-01
9.836983084678649902e-01
9.861075878143310547e-01
9.883371591567993164e-01
9.901896119117736816e-01
9.919952750205993652e-01
9.935623407363891602e-01
9.949648976325988770e-01
9.961588382720947266e-01
9.973075985908508301e-01
9.983140230178833008e-01
9.992187023162841797e-01
1.000000119209289551e+00
