1.814775913953781128e-01
3.287934064865112305e-01
4.484066367149353027e-01
5.498771071434020996e-01
6.417373418807983398e-01
7.135224342346191406e-01
7.734390497207641602e-01
8.176833391189575195e-01
8.469367623329162598e-01
8.706731796264648438e-01
8.866081237792968750e-01
8.996790647506713867e-01
9.117056131362915039e-01
9.213337898254394531e-01
9.297046661376953125e-01
9.365963339805603027e-01
9.432775974273681641e-01
9.490638971328735352e-01
9.536632299423217773e-01
9.574582576751708984e-01
9.607027173042297363e-01
9.637394547462463379e-01
9.665092825889587402e-01
9.687360525131225586e-01
9.708116650581359863e-01
9.725665450096130371e-01
9.742770195007324219e-01
9.758435487747192383e-01
9.772989153861999512e-01
9.787320494651794434e-01
9.800829887390136719e-01
9.813761711120605469e-01
9.825852513313293457e-01
9.836742281913757324e-01
9.847081303596496582e-01
9.856646060943603516e-01
9.865595102310180664e-01
9.874253869056701660e-01
9.882861971855163574e-01
9.890739321708679199e-01
9.898276925086975098e-01
9.905322790145874023e-01
9.912316203117370605e-01
9.919058680534362793e-01
9.925624132156372070e-01
9.931759834289550781e-01
9.937409758567810059e-01
9.942862987518310547e-01
9.948171973228454590e-01
9.953190684318542480e-01
9.958058595657348633e-01
9.962725639343261719e-01
9.966991543769836426e-01
9.971014261245727539e-01
9.974946379661560059e-01
9.978716373443603516e-01
9.982259869575500488e-01
9.985672831535339355e-01
9.988890886306762695e-01
9.991577267646789551e-01
9.994141459465026855e-01
9.996522665023803711e-01
9.998404383659362793e-01
9.999999403953552246e-01
