1.395941674709320068e-01
2.510547041893005371e-01
3.254225552082061768e-01
3.945442736148834229e-01
4.534830152988433838e-01
5.112425088882446289e-01
5.627287030220031738e-01
6.060241460800170898e-01
6.460874676704406738e-01
6.825945377349853516e-01
7.143572568893432617e-01
7.433480024337768555e-01
7.693226337432861328e-01
7.904243469238281250e-01
8.104324340820312500e-01
8.283060789108276367e-01
8.425824642181396484e-01
8.557793498039245605e-01
8.677836656570434570e-01
8.787664175033569336e-01
8.890089988708496094e-01
8.987838625907897949e-01
9.069777727127075195e-01
9.134564399719238281e-01
9.198277592658996582e-01
9.259947538375854492e-01
9.310516715049743652e-01
9.359976053237915039e-01
9.404143691062927246e-01
9.445540308952331543e-01
9.483490586280822754e-01
9.518471360206604004e-01
9.548395276069641113e-01
9.577618837356567383e-01
9.605789184570312500e-01
9.632193446159362793e-01
9.656728506088256836e-01
9.679993987083435059e-01
9.701209068298339844e-01
9.721890091896057129e-01
9.742041826248168945e-01
9.760025739669799805e-01
9.776787161827087402e-01
9.793433547019958496e-01
9.809005856513977051e-01
9.823824763298034668e-01
9.838029742240905762e-01
9.850961565971374512e-01
9.863563776016235352e-01
9.875702261924743652e-01
9.887427687644958496e-01
9.898963570594787598e-01
9.909838438034057617e-01
9.920020699501037598e-01
9.929796457290649414e-01
9.939054250717163086e-01
9.948105812072753906e-01
9.956698417663574219e-01
9.964972138404846191e-01
9.972962141036987305e-01
9.980472922325134277e-01
9.987573623657226562e-01
9.993903040885925293e-01
1.000000000000000000e+00
